============================= test session starts ==============================
platform linux -- Python 3.12.3, pytest-9.1.1, pluggy-1.6.0
rootdir: /home/admin/Downloads/biaozhul/text66/b
configfile: pyproject.toml
plugins: anyio-4.15.1
collected 44 items

tests/test_api.py ...............                                        [ 34%]
tests/test_safe_tar.py .............................                     [100%]

=============================== warnings summary ===============================
.venv/lib/python3.12/site-packages/fastapi/testclient.py:1
  /home/admin/Downloads/biaozhul/text66/b/.venv/lib/python3.12/site-packages/fastapi/testclient.py:1: StarletteDeprecationWarning: Using `httpx` with `starlette.testclient` is deprecated; install `httpx2` instead.
    from starlette.testclient import TestClient as TestClient  # noqa

-- Docs: https://docs.pytest.org/en/stable/how-to/capture-warnings.html
======================== 44 passed, 1 warning in 0.63s =========================
