============================= test session starts ==============================
platform linux -- Python 3.12.3, pytest-9.1.1, pluggy-1.6.0 -- /usr/bin/python3
cachedir: .pytest_cache
rootdir: /home/admin/Downloads/biaozhul/opp91/b
collecting ... collected 53 items

tests/test_cli.py::test_cli_lifecycle PASSED                             [  1%]
tests/test_cli.py::test_cli_error_exit_code PASSED                       [  3%]
tests/test_crypto.py::test_key_length_and_uniqueness PASSED              [  5%]
tests/test_crypto.py::test_block_nonce_derivation_is_unique_and_stable PASSED [  7%]
tests/test_crypto.py::test_wrap_nonce_counter_unique_and_monotonic PASSED [  9%]
tests/test_crypto.py::test_nonces_are_domain_separated PASSED            [ 11%]
tests/test_crypto.py::test_canonical_json_is_deterministic PASSED        [ 13%]
tests/test_crypto.py::test_aad_distinguishes_file_and_block PASSED       [ 15%]
tests/test_crypto.py::test_tampered_ciphertext_fails_auth PASSED         [ 16%]
tests/test_crypto.py::test_wrong_aad_fails_auth PASSED                   [ 18%]
tests/test_crypto.py::test_wrong_key_fails_auth PASSED                   [ 20%]
tests/test_crypto.py::test_replayed_nonce_with_different_aad_does_not_authenticate PASSED [ 22%]
tests/test_crypto.py::test_nonce_counter_must_be_positive PASSED         [ 24%]
tests/test_keystore.py::test_generate_and_reload PASSED                  [ 26%]
tests/test_keystore.py::test_unknown_key PASSED                          [ 28%]
tests/test_keystore.py::test_wrap_counter_persists_and_never_repeats PASSED [ 30%]
tests/test_keystore.py::test_file_permissions_are_restricted PASSED      [ 32%]
tests/test_rotation.py::test_rotation_only_rewraps_dek_and_blob_unchanged PASSED [ 33%]
tests/test_rotation.py::test_rotate_to_explicit_key_and_multiple_rotations PASSED [ 35%]
tests/test_rotation.py::test_rotate_to_same_key_rejected PASSED          [ 37%]
tests/test_rotation.py::test_rotation_uses_fresh_wrap_nonces PASSED      [ 39%]
tests/test_rotation.py::test_interrupted_rotation_is_recoverable PASSED  [ 41%]
tests/test_rotation.py::test_many_files_rotate_independently PASSED      [ 43%]
tests/test_securetemp.py::test_no_plaintext_temp_left_after_failed_decrypt PASSED [ 45%]
tests/test_securetemp.py::test_temp_file_permissions PASSED              [ 47%]
tests/test_securetemp.py::test_secure_unlink_removes_file PASSED         [ 49%]
tests/test_securetemp.py::test_plaintext_temp_context_cleans_up_on_exception PASSED [ 50%]
tests/test_securetemp.py::test_plaintext_temp_context_commits PASSED     [ 52%]
tests/test_server.py::test_full_lifecycle_and_rotation_over_http PASSED  [ 54%]
tests/test_server.py::test_encrypt_before_key_and_bad_requests PASSED    [ 56%]
tests/test_server.py::test_unknown_route PASSED                          [ 58%]
tests/test_service.py::test_roundtrip_various_sizes PASSED               [ 60%]
tests/test_service.py::test_file_path_roundtrip PASSED                   [ 62%]
tests/test_service.py::test_encrypt_without_master_key PASSED            [ 64%]
tests/test_service.py::test_duplicate_file_id_rejected PASSED            [ 66%]
tests/test_service.py::test_describe_metadata PASSED                     [ 67%]
tests/test_service.py::test_decrypt_after_wrapping_key_deleted PASSED    [ 69%]
tests/test_service.py::test_blob_is_not_plaintext PASSED                 [ 71%]
tests/test_service.py::test_orphan_blob_is_swept_on_restart PASSED       [ 73%]
tests/test_tamper.py::test_tamper_ciphertext_byte_in_block PASSED        [ 75%]
tests/test_tamper.py::test_tamper_tag_byte_in_block PASSED               [ 77%]
tests/test_tamper.py::test_swap_blocks_within_same_file PASSED           [ 79%]
tests/test_tamper.py::test_swap_payload_keeping_nonce PASSED             [ 81%]
tests/test_tamper.py::test_cross_file_block_swap PASSED                  [ 83%]
tests/test_tamper.py::test_cross_file_meta_swap PASSED                   [ 84%]
tests/test_tamper.py::test_truncate_last_frame_body PASSED               [ 86%]
tests/test_tamper.py::test_truncate_drop_whole_frames PASSED             [ 88%]
tests/test_tamper.py::test_truncate_inside_frame_header PASSED           [ 90%]
tests/test_tamper.py::test_append_garbage_frame PASSED                   [ 92%]
tests/test_tamper.py::test_tamper_magic PASSED                           [ 94%]
tests/test_tamper.py::test_tamper_meta_envelope_bytes PASSED             [ 96%]
tests/test_tamper.py::test_tamper_meta_kid PASSED                        [ 98%]
tests/test_tamper.py::test_plaintext_size_declared_in_protected_header_is_authenticated PASSED [100%]

============================== 53 passed in 3.54s ==============================
