============================= test session starts ==============================
platform linux -- Python 3.12.3, pytest-9.1.1, pluggy-1.6.0 -- /usr/bin/python3
cachedir: .pytest_cache
rootdir: /home/admin/Downloads/biaozhul/opp100/b
collecting ... collected 72 items

tests/test_encoding.py::test_compact_roundtrip_starts_with_prefix_and_has_version_magic PASSED [  1%]
tests/test_encoding.py::test_json_object_roundtrip PASSED                [  2%]
tests/test_encoding.py::test_roundtrip_across_block_counts PASSED        [  4%]
tests/test_encoding.py::test_corrupt_encoding_noncanonical_base64_rejected PASSED [  5%]
tests/test_encoding.py::test_corrupt_binary_inside_base64_rejected PASSED [  6%]
tests/test_encoding.py::test_field_element_above_prime_rejected PASSED   [  8%]
tests/test_encoding.py::test_unknown_json_version_rejected_explicitly PASSED [  9%]
tests/test_encoding.py::test_unknown_json_field_rejected PASSED          [ 11%]
tests/test_encoding.py::test_binary_v2_magic_is_unsupported_version PASSED [ 12%]
tests/test_encoding.py::test_malformed_json_share_rejected PASSED        [ 13%]
tests/test_encoding.py::test_bare_bytes_and_bad_input_types PASSED       [ 15%]
tests/test_encoding.py::test_encode_rejects_inconsistent_parameters PASSED [ 16%]
tests/test_field.py::test_additive_and_multiplicative_identities PASSED  [ 18%]
tests/test_field.py::test_arithmetic_reduces_mod_p PASSED                [ 19%]
tests/test_field.py::test_inverse_roundtrip_and_zero PASSED              [ 20%]
tests/test_field.py::test_out_of_range_and_type_rejected PASSED          [ 22%]
tests/test_field.py::test_polynomial_constant_term_is_secret_at_zero PASSED [ 23%]
tests/test_field.py::test_lagrange_recovers_arbitrary_polynomial_at_zero PASSED [ 25%]
tests/test_field.py::test_lagrange_rejects_duplicate_and_zero_x PASSED   [ 26%]
tests/test_scheme.py::test_every_3_of_5_subset_recovers_same_secret PASSED [ 27%]
tests/test_scheme.py::test_threshold_combinations[2-2] PASSED            [ 29%]
tests/test_scheme.py::test_threshold_combinations[2-3] PASSED            [ 30%]
tests/test_scheme.py::test_threshold_combinations[3-5] PASSED            [ 31%]
tests/test_scheme.py::test_threshold_combinations[4-4] PASSED            [ 33%]
tests/test_scheme.py::test_threshold_combinations[5-9] PASSED            [ 34%]
tests/test_scheme.py::test_threshold_combinations[10-10] PASSED          [ 36%]
tests/test_scheme.py::test_secret_lengths_including_block_boundaries[0] PASSED [ 37%]
tests/test_scheme.py::test_secret_lengths_including_block_boundaries[1] PASSED [ 38%]
tests/test_scheme.py::test_secret_lengths_including_block_boundaries[31] PASSED [ 40%]
tests/test_scheme.py::test_secret_lengths_including_block_boundaries[32] PASSED [ 41%]
tests/test_scheme.py::test_secret_lengths_including_block_boundaries[33] PASSED [ 43%]
tests/test_scheme.py::test_secret_lengths_including_block_boundaries[62] PASSED [ 44%]
tests/test_scheme.py::test_secret_lengths_including_block_boundaries[63] PASSED [ 45%]
tests/test_scheme.py::test_secret_lengths_including_block_boundaries[100] PASSED [ 47%]
tests/test_scheme.py::test_secret_lengths_including_block_boundaries[1000] PASSED [ 48%]
tests/test_scheme.py::test_randomized_property_any_threshold_subset PASSED [ 50%]
tests/test_scheme.py::test_invalid_parameters_rejected PASSED            [ 51%]
tests/test_scheme.py::test_duplicate_x_coordinates_rejected PASSED       [ 52%]
tests/test_scheme.py::test_fewer_than_threshold_cannot_recover PASSED    [ 54%]
tests/test_scheme.py::test_modified_share_breaks_recovery_but_no_culprit_identified PASSED [ 55%]
tests/test_scheme.py::test_share_count_is_total_and_indices_are_one_based PASSED [ 56%]
tests/test_scheme.py::test_chunk_size_safely_below_prime PASSED          [ 58%]
tests/test_server.py::test_healthz PASSED                                [ 59%]
tests/test_server.py::test_http_split_then_recover_any_3_of_5 PASSED     [ 61%]
tests/test_server.py::test_http_text_secret PASSED                       [ 62%]
tests/test_server.py::test_http_fewer_than_threshold_refused PASSED      [ 63%]
tests/test_server.py::test_http_mixed_batch_rejected PASSED              [ 65%]
tests/test_server.py::test_http_corrupt_encoding_rejected PASSED         [ 66%]
tests/test_server.py::test_http_duplicate_index_rejected PASSED          [ 68%]
tests/test_server.py::test_http_fingerprint_mismatch_is_422_and_names_no_culprit PASSED [ 69%]
tests/test_server.py::test_http_json_object_shares_and_rejects_bad_types PASSED [ 70%]
tests/test_server.py::test_http_bad_inputs PASSED                        [ 72%]
tests/test_server.py::test_http_seal_and_unseal PASSED                   [ 73%]
tests/test_server.py::test_http_body_size_limit PASSED                   [ 75%]
tests/test_service.py::test_any_threshold_subset_recovers PASSED         [ 76%]
tests/test_service.py::test_recovery_with_more_than_threshold_uses_exactly_k PASSED [ 77%]
tests/test_service.py::test_fingerprint_match_flag_on_success PASSED     [ 79%]
tests/test_service.py::test_fewer_than_threshold_shares_refused PASSED   [ 80%]
tests/test_service.py::test_single_and_empty_share_lists_refused PASSED  [ 81%]
tests/test_service.py::test_mixed_batch_different_threshold_rejected PASSED [ 83%]
tests/test_service.py::test_mixed_batch_same_k_n_but_different_secret_length_rejected PASSED [ 84%]
tests/test_service.py::test_corrupt_encoding_rejected_with_positions PASSED [ 86%]
tests/test_service.py::test_truncated_and_garbage_encodings_rejected PASSED [ 87%]
tests/test_service.py::test_json_object_shares_accepted_in_same_batch PASSED [ 88%]
tests/test_service.py::test_duplicate_x_detected_even_with_different_encodings PASSED [ 90%]
tests/test_service.py::test_threshold_counted_by_distinct_x_not_token_count PASSED [ 91%]
tests/test_service.py::test_modified_share_fingerprint_mismatch_flags_failure PASSED [ 93%]
tests/test_service.py::test_modified_share_without_fingerprint_either_invalid_or_wrong PASSED [ 94%]
tests/test_service.py::test_split_parameter_validation PASSED            [ 95%]
tests/test_service.py::test_split_output_is_versioned PASSED             [ 97%]
tests/test_service.py::test_seal_unseal_roundtrip PASSED                 [ 98%]
tests/test_service.py::test_seal_wrong_passphrase_and_tampering_detected PASSED [100%]

============================== 72 passed in 0.99s ==============================
